0 info it worked if it ends with ok
1 verbose cli [ 'C:\\Program Files (x86)\\Nodist\\v-x64\\8.15.0\\node.exe',
1 verbose cli   'C:\\Program Files (x86)\\Nodist\\npmv\\4.0.5\\bin\\npm-cli.js',
1 verbose cli   'run',
1 verbose cli   'gulp' ]
2 info using npm@4.0.5
3 info using node@v8.15.0
4 verbose run-script [ 'pregulp', 'gulp', 'postgulp' ]
5 info lifecycle @~pregulp: @
6 warn lifecycle The node binary used for scripts is C:\Program Files (x86)\Nodist\bin\node.exe but npm is using C:\Program Files (x86)\Nodist\v-x64\8.15.0\node.exe itself. Use the `--scripts-prepend-node-path` option to include the path for the node binary npm was executed with.
7 silly lifecycle @~pregulp: no script for pregulp, continuing
8 info lifecycle @~gulp: @
9 verbose lifecycle @~gulp: unsafe-perm in lifecycle true
10 verbose lifecycle @~gulp: PATH: C:\Program Files (x86)\Nodist\npmv\4.0.5\bin\node-gyp-bin;C:\xampp\htdocs\create\a11y\node_modules\.bin;C:\Program Files (x86)\Common Files\Oracle\Java\javapath;C:\Program Files (x86)\Common Files\Intel\Shared Libraries\redist\intel64\compiler;C:\ProgramData\Oracle\Java\javapath;C:\Program Files (x86)\Intel\iCLS Client\;C:\Program Files\Intel\iCLS Client\;C:\WINDOWS\system32;C:\WINDOWS;C:\WINDOWS\System32\Wbem;C:\WINDOWS\System32\WindowsPowerShell\v1.0\;C:\Program Files (x86)\Intel\Intel(R) Management Engine Components\DAL;C:\Program Files\Intel\Intel(R) Management Engine Components\DAL;C:\Program Files (x86)\Intel\Intel(R) Management Engine Components\IPT;C:\Program Files\Intel\Intel(R) Management Engine Components\IPT;C:\Program Files\EmEditor;C:\Program Files\Git\cmd;C:\Program Files\TortoiseSVN\bin;C:\Program Files (x86)\Nodist\bin;C:\WINDOWS\System32\OpenSSH\;C:\xampp\php;C:\ProgramData\ComposerSetup\bin;C:\Program Files\TortoiseGit\bin;C:\Users\takasulocal\AppData\Local\Microsoft\WindowsApps;C:\Users\takasulocal\AppData\Roaming\Composer\vendor\bin;C:\Users\takasulocal\AppData\Local\Programs\Microsoft VS Code\bin;C:\Users\takasulocal\AppData\Roaming\Amazon
11 verbose lifecycle @~gulp: CWD: C:\xampp\htdocs\create\a11y
12 silly lifecycle @~gulp: Args: [ '/d /s /c', 'gulp' ]
13 silly lifecycle @~gulp: Returned: code: 3221225786  signal: null
14 info lifecycle @~gulp: Failed to exec gulp script
15 verbose stack Error: @ gulp: `gulp`
15 verbose stack Exit status 3221225786
15 verbose stack     at EventEmitter.<anonymous> (C:\Program Files (x86)\Nodist\npmv\4.0.5\lib\utils\lifecycle.js:279:16)
15 verbose stack     at emitTwo (events.js:126:13)
15 verbose stack     at EventEmitter.emit (events.js:214:7)
15 verbose stack     at ChildProcess.<anonymous> (C:\Program Files (x86)\Nodist\npmv\4.0.5\lib\utils\spawn.js:40:14)
15 verbose stack     at emitTwo (events.js:126:13)
15 verbose stack     at ChildProcess.emit (events.js:214:7)
15 verbose stack     at maybeClose (internal/child_process.js:915:16)
15 verbose stack     at Process.ChildProcess._handle.onexit (internal/child_process.js:209:5)
16 verbose pkgid @
17 verbose cwd C:\xampp\htdocs\create\a11y
18 error Windows_NT 10.0.18363
19 error argv "C:\\Program Files (x86)\\Nodist\\v-x64\\8.15.0\\node.exe" "C:\\Program Files (x86)\\Nodist\\npmv\\4.0.5\\bin\\npm-cli.js" "run" "gulp"
20 error node v8.15.0
21 error npm  v4.0.5
22 error code ELIFECYCLE
23 error @ gulp: `gulp`
23 error Exit status 3221225786
24 error Failed at the @ gulp script 'gulp'.
24 error Make sure you have the latest version of node.js and npm installed.
24 error If you do, this is most likely a problem with the  package,
24 error not with npm itself.
24 error Tell the author that this fails on your system:
24 error     gulp
24 error You can get information on how to open an issue for this project with:
24 error     npm bugs
24 error Or if that isn't available, you can get their info via:
24 error     npm owner ls
24 error There is likely additional logging output above.
25 verbose exit [ 1, true ]
